2026-04-16 11:02:11.510 [info] [main] Log level: Info
2026-04-16 11:02:11.510 [info] [main] Validating found git in: "git"
2026-04-16 11:02:11.510 [info] [main] Using git "2.53.0" from "git"
2026-04-16 11:02:11.510 [info] [Model][doInitialScan] Initial repository scan started
2026-04-16 11:02:11.510 [info] > git rev-parse --show-toplevel [1ms]
2026-04-16 11:02:11.510 [info] fatal: not a git repository (or any parent up to mount point /)
Stopping at filesystem boundary (GIT_DISCOVERY_ACROSS_FILESYSTEM not set).
2026-04-16 11:02:11.510 [info] [Model][doInitialScan] Initial repository scan completed - repositories (0), closed repositories (0), parent repositories (0), unsafe repositories (0)
2026-04-16 11:02:11.663 [info] > git rev-parse --show-toplevel [2ms]
2026-04-16 11:02:11.663 [info] fatal: not a git repository (or any parent up to mount point /)
Stopping at filesystem boundary (GIT_DISCOVERY_ACROSS_FILESYSTEM not set).
2026-04-16 11:02:11.667 [info] > git rev-parse --show-toplevel [1ms]
2026-04-16 11:02:11.667 [info] fatal: not a git repository (or any parent up to mount point /)
Stopping at filesystem boundary (GIT_DISCOVERY_ACROSS_FILESYSTEM not set).
2026-04-16 11:02:13.214 [info] > git rev-parse --show-toplevel [1ms]
2026-04-16 11:02:13.214 [info] fatal: not a git repository (or any parent up to mount point /)
Stopping at filesystem boundary (GIT_DISCOVERY_ACROSS_FILESYSTEM not set).
2026-04-16 11:02:17.665 [info] > git rev-parse --show-toplevel [1ms]
2026-04-16 11:02:17.665 [info] fatal: not a git repository (or any parent up to mount point /)
Stopping at filesystem boundary (GIT_DISCOVERY_ACROSS_FILESYSTEM not set).
2026-04-16 11:36:53.060 [info] > git rev-parse --show-toplevel [2ms]
2026-04-16 11:36:53.060 [info] fatal: not a git repository (or any parent up to mount point /)
Stopping at filesystem boundary (GIT_DISCOVERY_ACROSS_FILESYSTEM not set).
2026-04-16 11:39:29.436 [info] > git rev-parse --show-toplevel [1ms]
2026-04-16 11:39:29.436 [info] fatal: not a git repository (or any parent up to mount point /)
Stopping at filesystem boundary (GIT_DISCOVERY_ACROSS_FILESYSTEM not set).
2026-04-16 11:39:40.652 [info] > git rev-parse --show-toplevel [2ms]
2026-04-16 11:39:40.652 [info] fatal: not a git repository (or any parent up to mount point /)
Stopping at filesystem boundary (GIT_DISCOVERY_ACROSS_FILESYSTEM not set).
2026-04-16 11:39:45.057 [info] > git rev-parse --show-toplevel [1ms]
2026-04-16 11:39:45.057 [info] fatal: not a git repository (or any parent up to mount point /)
Stopping at filesystem boundary (GIT_DISCOVERY_ACROSS_FILESYSTEM not set).
2026-04-16 11:39:46.211 [info] > git rev-parse --show-toplevel [1ms]
2026-04-16 11:39:46.211 [info] fatal: not a git repository (or any parent up to mount point /)
Stopping at filesystem boundary (GIT_DISCOVERY_ACROSS_FILESYSTEM not set).
2026-04-16 11:39:47.257 [info] > git rev-parse --show-toplevel [1ms]
2026-04-16 11:39:47.257 [info] fatal: not a git repository (or any parent up to mount point /)
Stopping at filesystem boundary (GIT_DISCOVERY_ACROSS_FILESYSTEM not set).
2026-04-16 11:39:47.822 [info] > git rev-parse --show-toplevel [1ms]
2026-04-16 11:39:47.822 [info] fatal: not a git repository (or any parent up to mount point /)
Stopping at filesystem boundary (GIT_DISCOVERY_ACROSS_FILESYSTEM not set).
2026-04-16 11:39:48.385 [info] > git rev-parse --show-toplevel [1ms]
2026-04-16 11:39:48.385 [info] fatal: not a git repository (or any parent up to mount point /)
Stopping at filesystem boundary (GIT_DISCOVERY_ACROSS_FILESYSTEM not set).
2026-04-16 11:43:15.362 [info] > git rev-parse --show-toplevel [0ms]
2026-04-16 11:43:15.362 [info] fatal: not a git repository (or any parent up to mount point /)
Stopping at filesystem boundary (GIT_DISCOVERY_ACROSS_FILESYSTEM not set).
2026-04-16 11:43:20.376 [info] > git rev-parse --show-toplevel [1ms]
2026-04-16 11:43:20.376 [info] fatal: not a git repository (or any parent up to mount point /)
Stopping at filesystem boundary (GIT_DISCOVERY_ACROSS_FILESYSTEM not set).
2026-04-16 11:43:21.110 [info] > git rev-parse --show-toplevel [1ms]
2026-04-16 11:43:21.110 [info] fatal: not a git repository (or any parent up to mount point /)
Stopping at filesystem boundary (GIT_DISCOVERY_ACROSS_FILESYSTEM not set).
2026-04-16 11:43:23.191 [info] > git rev-parse --show-toplevel [1ms]
2026-04-16 11:43:23.191 [info] fatal: not a git repository (or any parent up to mount point /)
Stopping at filesystem boundary (GIT_DISCOVERY_ACROSS_FILESYSTEM not set).
2026-04-16 11:43:23.707 [info] > git rev-parse --show-toplevel [1ms]
2026-04-16 11:43:23.707 [info] fatal: not a git repository (or any parent up to mount point /)
Stopping at filesystem boundary (GIT_DISCOVERY_ACROSS_FILESYSTEM not set).
2026-04-16 11:44:17.118 [info] > git rev-parse --show-toplevel [1ms]
2026-04-16 11:44:17.118 [info] fatal: not a git repository (or any parent up to mount point /)
Stopping at filesystem boundary (GIT_DISCOVERY_ACROSS_FILESYSTEM not set).
2026-04-16 11:44:37.305 [info] > git rev-parse --show-toplevel [1ms]
2026-04-16 11:44:37.305 [info] fatal: not a git repository (or any parent up to mount point /)
Stopping at filesystem boundary (GIT_DISCOVERY_ACROSS_FILESYSTEM not set).
2026-04-16 11:44:47.762 [info] > git rev-parse --show-toplevel [1ms]
2026-04-16 11:44:47.762 [info] fatal: not a git repository (or any parent up to mount point /)
Stopping at filesystem boundary (GIT_DISCOVERY_ACROSS_FILESYSTEM not set).
2026-04-16 11:44:48.149 [info] > git rev-parse --show-toplevel [1ms]
2026-04-16 11:44:48.149 [info] fatal: not a git repository (or any parent up to mount point /)
Stopping at filesystem boundary (GIT_DISCOVERY_ACROSS_FILESYSTEM not set).
2026-04-16 11:44:50.897 [info] > git rev-parse --show-toplevel [1ms]
2026-04-16 11:44:50.897 [info] fatal: not a git repository (or any parent up to mount point /)
Stopping at filesystem boundary (GIT_DISCOVERY_ACROSS_FILESYSTEM not set).
2026-04-16 11:46:34.336 [info] > git rev-parse --show-toplevel [1ms]
2026-04-16 11:46:34.336 [info] fatal: not a git repository (or any parent up to mount point /)
Stopping at filesystem boundary (GIT_DISCOVERY_ACROSS_FILESYSTEM not set).
2026-04-16 11:47:08.180 [info] > git rev-parse --show-toplevel [1ms]
2026-04-16 11:47:08.180 [info] fatal: not a git repository (or any parent up to mount point /)
Stopping at filesystem boundary (GIT_DISCOVERY_ACROSS_FILESYSTEM not set).
2026-04-16 11:47:17.946 [info] > git rev-parse --show-toplevel [3ms]
2026-04-16 11:47:17.946 [info] fatal: not a git repository (or any parent up to mount point /)
Stopping at filesystem boundary (GIT_DISCOVERY_ACROSS_FILESYSTEM not set).
2026-04-16 11:47:36.077 [info] > git rev-parse --show-toplevel [1ms]
2026-04-16 11:47:36.077 [info] fatal: not a git repository (or any parent up to mount point /)
Stopping at filesystem boundary (GIT_DISCOVERY_ACROSS_FILESYSTEM not set).
2026-04-16 11:51:39.614 [info] > git rev-parse --show-toplevel [2ms]
2026-04-16 11:51:39.614 [info] fatal: not a git repository (or any parent up to mount point /)
Stopping at filesystem boundary (GIT_DISCOVERY_ACROSS_FILESYSTEM not set).
2026-04-16 11:53:00.356 [info] > git rev-parse --show-toplevel [1ms]
2026-04-16 11:53:00.356 [info] fatal: not a git repository (or any parent up to mount point /)
Stopping at filesystem boundary (GIT_DISCOVERY_ACROSS_FILESYSTEM not set).
2026-04-16 11:54:01.269 [info] > git rev-parse --show-toplevel [1ms]
2026-04-16 11:54:01.269 [info] fatal: not a git repository (or any parent up to mount point /)
Stopping at filesystem boundary (GIT_DISCOVERY_ACROSS_FILESYSTEM not set).
2026-04-16 11:54:01.925 [info] > git rev-parse --show-toplevel [1ms]
2026-04-16 11:54:01.925 [info] fatal: not a git repository (or any parent up to mount point /)
Stopping at filesystem boundary (GIT_DISCOVERY_ACROSS_FILESYSTEM not set).
2026-04-16 11:57:13.679 [info] > git rev-parse --show-toplevel [2ms]
2026-04-16 11:57:13.679 [info] fatal: not a git repository (or any parent up to mount point /)
Stopping at filesystem boundary (GIT_DISCOVERY_ACROSS_FILESYSTEM not set).
2026-04-16 11:57:55.884 [info] > git rev-parse --show-toplevel [1ms]
2026-04-16 11:57:55.884 [info] fatal: not a git repository (or any parent up to mount point /)
Stopping at filesystem boundary (GIT_DISCOVERY_ACROSS_FILESYSTEM not set).
2026-04-16 11:57:57.190 [info] > git rev-parse --show-toplevel [1ms]
2026-04-16 11:57:57.190 [info] fatal: not a git repository (or any parent up to mount point /)
Stopping at filesystem boundary (GIT_DISCOVERY_ACROSS_FILESYSTEM not set).
2026-04-16 11:58:06.386 [info] > git rev-parse --show-toplevel [1ms]
2026-04-16 11:58:06.386 [info] fatal: not a git repository (or any parent up to mount point /)
Stopping at filesystem boundary (GIT_DISCOVERY_ACROSS_FILESYSTEM not set).
2026-04-16 11:58:10.408 [info] > git rev-parse --show-toplevel [1ms]
2026-04-16 11:58:10.408 [info] fatal: not a git repository (or any parent up to mount point /)
Stopping at filesystem boundary (GIT_DISCOVERY_ACROSS_FILESYSTEM not set).
2026-04-16 11:58:12.098 [info] > git rev-parse --show-toplevel [1ms]
2026-04-16 11:58:12.098 [info] fatal: not a git repository (or any parent up to mount point /)
Stopping at filesystem boundary (GIT_DISCOVERY_ACROSS_FILESYSTEM not set).
2026-04-16 11:58:51.119 [info] > git rev-parse --show-toplevel [1ms]
2026-04-16 11:58:51.119 [info] fatal: not a git repository (or any parent up to mount point /)
Stopping at filesystem boundary (GIT_DISCOVERY_ACROSS_FILESYSTEM not set).
2026-04-16 11:59:00.998 [info] > git rev-parse --show-toplevel [2ms]
2026-04-16 11:59:00.998 [info] fatal: not a git repository (or any parent up to mount point /)
Stopping at filesystem boundary (GIT_DISCOVERY_ACROSS_FILESYSTEM not set).
2026-04-16 11:59:04.813 [info] > git rev-parse --show-toplevel [1ms]
2026-04-16 11:59:04.813 [info] fatal: not a git repository (or any parent up to mount point /)
Stopping at filesystem boundary (GIT_DISCOVERY_ACROSS_FILESYSTEM not set).
2026-04-16 12:39:27.116 [info] > git rev-parse --show-toplevel [2ms]
2026-04-16 12:39:27.116 [info] fatal: not a git repository (or any parent up to mount point /)
Stopping at filesystem boundary (GIT_DISCOVERY_ACROSS_FILESYSTEM not set).
2026-04-16 12:39:33.192 [info] > git rev-parse --show-toplevel [1ms]
2026-04-16 12:39:33.192 [info] fatal: not a git repository (or any parent up to mount point /)
Stopping at filesystem boundary (GIT_DISCOVERY_ACROSS_FILESYSTEM not set).
2026-04-16 12:39:38.019 [info] > git rev-parse --show-toplevel [1ms]
2026-04-16 12:39:38.019 [info] fatal: not a git repository (or any parent up to mount point /)
Stopping at filesystem boundary (GIT_DISCOVERY_ACROSS_FILESYSTEM not set).
2026-04-16 12:40:09.319 [info] > git rev-parse --show-toplevel [1ms]
2026-04-16 12:40:09.319 [info] fatal: not a git repository (or any parent up to mount point /)
Stopping at filesystem boundary (GIT_DISCOVERY_ACROSS_FILESYSTEM not set).
2026-04-16 12:40:33.576 [info] > git rev-parse --show-toplevel [1ms]
2026-04-16 12:40:33.576 [info] fatal: not a git repository (or any parent up to mount point /)
Stopping at filesystem boundary (GIT_DISCOVERY_ACROSS_FILESYSTEM not set).
2026-04-16 12:40:34.809 [info] > git rev-parse --show-toplevel [2ms]
2026-04-16 12:40:34.809 [info] fatal: not a git repository (or any parent up to mount point /)
Stopping at filesystem boundary (GIT_DISCOVERY_ACROSS_FILESYSTEM not set).
2026-04-16 12:52:31.522 [info] > git rev-parse --show-toplevel [2ms]
2026-04-16 12:52:31.522 [info] fatal: not a git repository (or any parent up to mount point /)
Stopping at filesystem boundary (GIT_DISCOVERY_ACROSS_FILESYSTEM not set).
2026-04-16 13:24:02.369 [info] > git rev-parse --show-toplevel [2ms]
2026-04-16 13:24:02.369 [info] fatal: not a git repository (or any parent up to mount point /)
Stopping at filesystem boundary (GIT_DISCOVERY_ACROSS_FILESYSTEM not set).
2026-04-16 13:24:46.294 [info] > git rev-parse --show-toplevel [2ms]
2026-04-16 13:24:46.294 [info] fatal: not a git repository (or any parent up to mount point /)
Stopping at filesystem boundary (GIT_DISCOVERY_ACROSS_FILESYSTEM not set).
2026-04-16 13:26:36.957 [info] > git rev-parse --show-toplevel [2ms]
2026-04-16 13:26:36.957 [info] fatal: not a git repository (or any parent up to mount point /)
Stopping at filesystem boundary (GIT_DISCOVERY_ACROSS_FILESYSTEM not set).
2026-04-16 13:30:05.556 [info] > git rev-parse --show-toplevel [1ms]
2026-04-16 13:30:05.556 [info] fatal: not a git repository (or any parent up to mount point /)
Stopping at filesystem boundary (GIT_DISCOVERY_ACROSS_FILESYSTEM not set).
2026-04-16 13:30:29.551 [info] > git rev-parse --show-toplevel [2ms]
2026-04-16 13:30:29.551 [info] fatal: not a git repository (or any parent up to mount point /)
Stopping at filesystem boundary (GIT_DISCOVERY_ACROSS_FILESYSTEM not set).
2026-04-16 13:31:30.252 [info] > git rev-parse --show-toplevel [2ms]
2026-04-16 13:31:30.252 [info] fatal: not a git repository (or any parent up to mount point /)
Stopping at filesystem boundary (GIT_DISCOVERY_ACROSS_FILESYSTEM not set).
2026-04-16 13:31:56.932 [info] > git rev-parse --show-toplevel [2ms]
2026-04-16 13:31:56.932 [info] fatal: not a git repository (or any parent up to mount point /)
Stopping at filesystem boundary (GIT_DISCOVERY_ACROSS_FILESYSTEM not set).
2026-04-16 13:34:07.036 [info] > git rev-parse --show-toplevel [1ms]
2026-04-16 13:34:07.036 [info] fatal: not a git repository (or any parent up to mount point /)
Stopping at filesystem boundary (GIT_DISCOVERY_ACROSS_FILESYSTEM not set).
2026-04-16 13:35:31.660 [info] > git rev-parse --show-toplevel [0ms]
2026-04-16 13:35:31.660 [info] fatal: not a git repository (or any parent up to mount point /)
Stopping at filesystem boundary (GIT_DISCOVERY_ACROSS_FILESYSTEM not set).
2026-04-16 13:35:49.867 [info] > git rev-parse --show-toplevel [2ms]
2026-04-16 13:35:49.867 [info] fatal: not a git repository (or any parent up to mount point /)
Stopping at filesystem boundary (GIT_DISCOVERY_ACROSS_FILESYSTEM not set).
2026-04-16 13:38:42.084 [info] > git rev-parse --show-toplevel [1ms]
2026-04-16 13:38:42.084 [info] fatal: not a git repository (or any parent up to mount point /)
Stopping at filesystem boundary (GIT_DISCOVERY_ACROSS_FILESYSTEM not set).
2026-04-16 13:38:59.712 [info] > git rev-parse --show-toplevel [2ms]
2026-04-16 13:38:59.712 [info] fatal: not a git repository (or any parent up to mount point /)
Stopping at filesystem boundary (GIT_DISCOVERY_ACROSS_FILESYSTEM not set).
2026-04-16 13:39:05.504 [info] > git rev-parse --show-toplevel [0ms]
2026-04-16 13:39:05.504 [info] fatal: not a git repository (or any parent up to mount point /)
Stopping at filesystem boundary (GIT_DISCOVERY_ACROSS_FILESYSTEM not set).
2026-04-16 13:40:47.499 [info] > git rev-parse --show-toplevel [1ms]
2026-04-16 13:40:47.499 [info] fatal: not a git repository (or any parent up to mount point /)
Stopping at filesystem boundary (GIT_DISCOVERY_ACROSS_FILESYSTEM not set).
2026-04-16 13:41:06.535 [info] > git rev-parse --show-toplevel [1ms]
2026-04-16 13:41:06.535 [info] fatal: not a git repository (or any parent up to mount point /)
Stopping at filesystem boundary (GIT_DISCOVERY_ACROSS_FILESYSTEM not set).
2026-04-16 13:41:10.374 [info] > git rev-parse --show-toplevel [0ms]
2026-04-16 13:41:10.374 [info] fatal: not a git repository (or any parent up to mount point /)
Stopping at filesystem boundary (GIT_DISCOVERY_ACROSS_FILESYSTEM not set).
2026-04-16 13:41:29.917 [info] > git rev-parse --show-toplevel [1ms]
2026-04-16 13:41:29.917 [info] fatal: not a git repository (or any parent up to mount point /)
Stopping at filesystem boundary (GIT_DISCOVERY_ACROSS_FILESYSTEM not set).
2026-04-16 13:41:42.200 [info] > git rev-parse --show-toplevel [1ms]
2026-04-16 13:41:42.200 [info] fatal: not a git repository (or any parent up to mount point /)
Stopping at filesystem boundary (GIT_DISCOVERY_ACROSS_FILESYSTEM not set).
2026-04-16 13:43:50.421 [info] > git rev-parse --show-toplevel [2ms]
2026-04-16 13:43:50.421 [info] fatal: not a git repository (or any parent up to mount point /)
Stopping at filesystem boundary (GIT_DISCOVERY_ACROSS_FILESYSTEM not set).
2026-04-16 13:44:02.414 [info] > git rev-parse --show-toplevel [1ms]
2026-04-16 13:44:02.414 [info] fatal: not a git repository (or any parent up to mount point /)
Stopping at filesystem boundary (GIT_DISCOVERY_ACROSS_FILESYSTEM not set).
2026-04-16 13:46:45.139 [info] > git rev-parse --show-toplevel [2ms]
2026-04-16 13:46:45.139 [info] fatal: not a git repository (or any parent up to mount point /)
Stopping at filesystem boundary (GIT_DISCOVERY_ACROSS_FILESYSTEM not set).
2026-04-16 13:47:00.408 [info] > git rev-parse --show-toplevel [2ms]
2026-04-16 13:47:00.408 [info] fatal: not a git repository (or any parent up to mount point /)
Stopping at filesystem boundary (GIT_DISCOVERY_ACROSS_FILESYSTEM not set).
2026-04-16 13:47:02.008 [info] > git rev-parse --show-toplevel [3ms]
2026-04-16 13:47:02.008 [info] fatal: not a git repository (or any parent up to mount point /)
Stopping at filesystem boundary (GIT_DISCOVERY_ACROSS_FILESYSTEM not set).
2026-04-16 13:47:02.477 [info] > git rev-parse --show-toplevel [3ms]
2026-04-16 13:47:02.478 [info] fatal: not a git repository (or any parent up to mount point /)
Stopping at filesystem boundary (GIT_DISCOVERY_ACROSS_FILESYSTEM not set).
2026-04-16 13:47:27.844 [info] > git rev-parse --show-toplevel [2ms]
2026-04-16 13:47:27.844 [info] fatal: not a git repository (or any parent up to mount point /)
Stopping at filesystem boundary (GIT_DISCOVERY_ACROSS_FILESYSTEM not set).
2026-04-16 13:48:25.169 [info] > git rev-parse --show-toplevel [3ms]
2026-04-16 13:48:25.169 [info] fatal: not a git repository (or any parent up to mount point /)
Stopping at filesystem boundary (GIT_DISCOVERY_ACROSS_FILESYSTEM not set).
2026-04-16 13:49:53.888 [info] > git rev-parse --show-toplevel [2ms]
2026-04-16 13:49:53.888 [info] fatal: not a git repository (or any parent up to mount point /)
Stopping at filesystem boundary (GIT_DISCOVERY_ACROSS_FILESYSTEM not set).
2026-04-16 13:50:16.166 [info] > git rev-parse --show-toplevel [3ms]
2026-04-16 13:50:16.166 [info] fatal: not a git repository (or any parent up to mount point /)
Stopping at filesystem boundary (GIT_DISCOVERY_ACROSS_FILESYSTEM not set).
2026-04-16 13:50:27.032 [info] > git rev-parse --show-toplevel [1ms]
2026-04-16 13:50:27.032 [info] fatal: not a git repository (or any parent up to mount point /)
Stopping at filesystem boundary (GIT_DISCOVERY_ACROSS_FILESYSTEM not set).
2026-04-16 13:50:28.381 [info] > git rev-parse --show-toplevel [1ms]
2026-04-16 13:50:28.381 [info] fatal: not a git repository (or any parent up to mount point /)
Stopping at filesystem boundary (GIT_DISCOVERY_ACROSS_FILESYSTEM not set).
2026-04-16 13:54:18.718 [info] > git rev-parse --show-toplevel [4ms]
2026-04-16 13:54:18.718 [info] fatal: not a git repository (or any parent up to mount point /)
Stopping at filesystem boundary (GIT_DISCOVERY_ACROSS_FILESYSTEM not set).
2026-04-16 13:54:19.473 [info] > git rev-parse --show-toplevel [3ms]
2026-04-16 13:54:19.473 [info] fatal: not a git repository (or any parent up to mount point /)
Stopping at filesystem boundary (GIT_DISCOVERY_ACROSS_FILESYSTEM not set).
2026-04-16 13:54:20.077 [info] > git rev-parse --show-toplevel [2ms]
2026-04-16 13:54:20.077 [info] fatal: not a git repository (or any parent up to mount point /)
Stopping at filesystem boundary (GIT_DISCOVERY_ACROSS_FILESYSTEM not set).
2026-04-16 13:54:20.510 [info] > git rev-parse --show-toplevel [2ms]
2026-04-16 13:54:20.510 [info] fatal: not a git repository (or any parent up to mount point /)
Stopping at filesystem boundary (GIT_DISCOVERY_ACROSS_FILESYSTEM not set).
2026-04-16 13:55:10.451 [info] > git rev-parse --show-toplevel [2ms]
2026-04-16 13:55:10.451 [info] fatal: not a git repository (or any parent up to mount point /)
Stopping at filesystem boundary (GIT_DISCOVERY_ACROSS_FILESYSTEM not set).
2026-04-16 13:58:15.381 [info] > git rev-parse --show-toplevel [1ms]
2026-04-16 13:58:15.381 [info] fatal: not a git repository (or any parent up to mount point /)
Stopping at filesystem boundary (GIT_DISCOVERY_ACROSS_FILESYSTEM not set).
2026-04-16 13:58:41.084 [info] > git rev-parse --show-toplevel [1ms]
2026-04-16 13:58:41.084 [info] fatal: not a git repository (or any parent up to mount point /)
Stopping at filesystem boundary (GIT_DISCOVERY_ACROSS_FILESYSTEM not set).
2026-04-16 13:59:26.510 [info] > git rev-parse --show-toplevel [2ms]
2026-04-16 13:59:26.510 [info] fatal: not a git repository (or any parent up to mount point /)
Stopping at filesystem boundary (GIT_DISCOVERY_ACROSS_FILESYSTEM not set).
2026-04-16 14:02:23.883 [info] > git rev-parse --show-toplevel [1ms]
2026-04-16 14:02:23.883 [info] fatal: not a git repository (or any parent up to mount point /)
Stopping at filesystem boundary (GIT_DISCOVERY_ACROSS_FILESYSTEM not set).
2026-04-16 14:04:24.618 [info] > git rev-parse --show-toplevel [4ms]
2026-04-16 14:04:24.618 [info] fatal: not a git repository (or any parent up to mount point /)
Stopping at filesystem boundary (GIT_DISCOVERY_ACROSS_FILESYSTEM not set).
2026-04-16 14:04:30.506 [info] > git rev-parse --show-toplevel [3ms]
2026-04-16 14:04:30.506 [info] fatal: not a git repository (or any parent up to mount point /)
Stopping at filesystem boundary (GIT_DISCOVERY_ACROSS_FILESYSTEM not set).
2026-04-16 14:04:45.942 [info] > git rev-parse --show-toplevel [2ms]
2026-04-16 14:04:45.942 [info] fatal: not a git repository (or any parent up to mount point /)
Stopping at filesystem boundary (GIT_DISCOVERY_ACROSS_FILESYSTEM not set).
2026-04-16 14:06:54.171 [info] > git rev-parse --show-toplevel [4ms]
2026-04-16 14:06:54.171 [info] fatal: not a git repository (or any parent up to mount point /)
Stopping at filesystem boundary (GIT_DISCOVERY_ACROSS_FILESYSTEM not set).
2026-04-16 14:07:00.134 [info] > git rev-parse --show-toplevel [3ms]
2026-04-16 14:07:00.135 [info] fatal: not a git repository (or any parent up to mount point /)
Stopping at filesystem boundary (GIT_DISCOVERY_ACROSS_FILESYSTEM not set).
2026-04-16 14:07:00.594 [info] > git rev-parse --show-toplevel [4ms]
2026-04-16 14:07:00.594 [info] fatal: not a git repository (or any parent up to mount point /)
Stopping at filesystem boundary (GIT_DISCOVERY_ACROSS_FILESYSTEM not set).
2026-04-16 14:07:01.144 [info] > git rev-parse --show-toplevel [3ms]
2026-04-16 14:07:01.144 [info] fatal: not a git repository (or any parent up to mount point /)
Stopping at filesystem boundary (GIT_DISCOVERY_ACROSS_FILESYSTEM not set).
2026-04-16 14:07:05.480 [info] > git rev-parse --show-toplevel [2ms]
2026-04-16 14:07:05.480 [info] fatal: not a git repository (or any parent up to mount point /)
Stopping at filesystem boundary (GIT_DISCOVERY_ACROSS_FILESYSTEM not set).
2026-04-16 14:07:07.490 [info] > git rev-parse --show-toplevel [5ms]
2026-04-16 14:07:07.490 [info] fatal: not a git repository (or any parent up to mount point /)
Stopping at filesystem boundary (GIT_DISCOVERY_ACROSS_FILESYSTEM not set).
2026-04-16 14:08:45.893 [info] > git rev-parse --show-toplevel [1ms]
2026-04-16 14:08:45.893 [info] fatal: not a git repository (or any parent up to mount point /)
Stopping at filesystem boundary (GIT_DISCOVERY_ACROSS_FILESYSTEM not set).
2026-04-16 14:37:54.721 [info] > git rev-parse --show-toplevel [8ms]
2026-04-16 14:37:54.721 [info] fatal: not a git repository (or any parent up to mount point /)
Stopping at filesystem boundary (GIT_DISCOVERY_ACROSS_FILESYSTEM not set).
2026-04-16 14:37:56.925 [info] > git rev-parse --show-toplevel [7ms]
2026-04-16 14:37:56.925 [info] fatal: not a git repository (or any parent up to mount point /)
Stopping at filesystem boundary (GIT_DISCOVERY_ACROSS_FILESYSTEM not set).
2026-04-16 14:37:57.644 [info] > git rev-parse --show-toplevel [7ms]
2026-04-16 14:37:57.645 [info] fatal: not a git repository (or any parent up to mount point /)
Stopping at filesystem boundary (GIT_DISCOVERY_ACROSS_FILESYSTEM not set).
2026-04-16 14:38:01.990 [info] > git rev-parse --show-toplevel [7ms]
2026-04-16 14:38:01.990 [info] fatal: not a git repository (or any parent up to mount point /)
Stopping at filesystem boundary (GIT_DISCOVERY_ACROSS_FILESYSTEM not set).
2026-04-16 14:38:02.915 [info] > git rev-parse --show-toplevel [9ms]
2026-04-16 14:38:02.915 [info] fatal: not a git repository (or any parent up to mount point /)
Stopping at filesystem boundary (GIT_DISCOVERY_ACROSS_FILESYSTEM not set).
2026-04-16 14:38:03.385 [info] > git rev-parse --show-toplevel [6ms]
2026-04-16 14:38:03.385 [info] fatal: not a git repository (or any parent up to mount point /)
Stopping at filesystem boundary (GIT_DISCOVERY_ACROSS_FILESYSTEM not set).
2026-04-16 14:39:25.002 [info] > git rev-parse --show-toplevel [1ms]
2026-04-16 14:39:25.002 [info] fatal: not a git repository (or any parent up to mount point /)
Stopping at filesystem boundary (GIT_DISCOVERY_ACROSS_FILESYSTEM not set).
2026-04-16 14:39:39.583 [info] > git rev-parse --show-toplevel [1ms]
2026-04-16 14:39:39.583 [info] fatal: not a git repository (or any parent up to mount point /)
Stopping at filesystem boundary (GIT_DISCOVERY_ACROSS_FILESYSTEM not set).
2026-04-16 14:39:40.193 [info] > git rev-parse --show-toplevel [1ms]
2026-04-16 14:39:40.193 [info] fatal: not a git repository (or any parent up to mount point /)
Stopping at filesystem boundary (GIT_DISCOVERY_ACROSS_FILESYSTEM not set).
2026-04-16 14:39:41.934 [info] > git rev-parse --show-toplevel [1ms]
2026-04-16 14:39:41.934 [info] fatal: not a git repository (or any parent up to mount point /)
Stopping at filesystem boundary (GIT_DISCOVERY_ACROSS_FILESYSTEM not set).
2026-04-16 14:40:33.405 [info] > git rev-parse --show-toplevel [1ms]
2026-04-16 14:40:33.405 [info] fatal: not a git repository (or any parent up to mount point /)
Stopping at filesystem boundary (GIT_DISCOVERY_ACROSS_FILESYSTEM not set).
2026-04-16 14:40:48.024 [info] > git rev-parse --show-toplevel [1ms]
2026-04-16 14:40:48.024 [info] fatal: not a git repository (or any parent up to mount point /)
Stopping at filesystem boundary (GIT_DISCOVERY_ACROSS_FILESYSTEM not set).
2026-04-16 14:41:29.561 [info] > git rev-parse --show-toplevel [1ms]
2026-04-16 14:41:29.561 [info] fatal: not a git repository (or any parent up to mount point /)
Stopping at filesystem boundary (GIT_DISCOVERY_ACROSS_FILESYSTEM not set).
2026-04-16 14:43:57.694 [info] > git rev-parse --show-toplevel [1ms]
2026-04-16 14:43:57.694 [info] fatal: not a git repository (or any parent up to mount point /)
Stopping at filesystem boundary (GIT_DISCOVERY_ACROSS_FILESYSTEM not set).
2026-04-16 14:44:23.070 [info] > git rev-parse --show-toplevel [1ms]
2026-04-16 14:44:23.070 [info] fatal: not a git repository (or any parent up to mount point /)
Stopping at filesystem boundary (GIT_DISCOVERY_ACROSS_FILESYSTEM not set).
2026-04-16 14:45:06.486 [info] > git rev-parse --show-toplevel [2ms]
2026-04-16 14:45:06.486 [info] fatal: not a git repository (or any parent up to mount point /)
Stopping at filesystem boundary (GIT_DISCOVERY_ACROSS_FILESYSTEM not set).
2026-04-16 14:45:24.092 [info] > git rev-parse --show-toplevel [2ms]
2026-04-16 14:45:24.092 [info] fatal: not a git repository (or any parent up to mount point /)
Stopping at filesystem boundary (GIT_DISCOVERY_ACROSS_FILESYSTEM not set).
2026-04-16 14:46:13.394 [info] > git rev-parse --show-toplevel [1ms]
2026-04-16 14:46:13.394 [info] fatal: not a git repository (or any parent up to mount point /)
Stopping at filesystem boundary (GIT_DISCOVERY_ACROSS_FILESYSTEM not set).
2026-04-16 14:47:55.342 [info] > git rev-parse --show-toplevel [1ms]
2026-04-16 14:47:55.342 [info] fatal: not a git repository (or any parent up to mount point /)
Stopping at filesystem boundary (GIT_DISCOVERY_ACROSS_FILESYSTEM not set).
2026-04-16 14:49:02.191 [info] > git rev-parse --show-toplevel [3ms]
2026-04-16 14:49:02.191 [info] fatal: not a git repository (or any parent up to mount point /)
Stopping at filesystem boundary (GIT_DISCOVERY_ACROSS_FILESYSTEM not set).
2026-04-16 14:49:19.581 [info] > git rev-parse --show-toplevel [2ms]
2026-04-16 14:49:19.581 [info] fatal: not a git repository (or any parent up to mount point /)
Stopping at filesystem boundary (GIT_DISCOVERY_ACROSS_FILESYSTEM not set).
2026-04-16 14:50:18.085 [info] > git rev-parse --show-toplevel [0ms]
2026-04-16 14:50:18.085 [info] fatal: not a git repository (or any parent up to mount point /)
Stopping at filesystem boundary (GIT_DISCOVERY_ACROSS_FILESYSTEM not set).
2026-04-16 14:50:19.321 [info] > git rev-parse --show-toplevel [1ms]
2026-04-16 14:50:19.321 [info] fatal: not a git repository (or any parent up to mount point /)
Stopping at filesystem boundary (GIT_DISCOVERY_ACROSS_FILESYSTEM not set).
2026-04-16 14:51:44.501 [info] > git rev-parse --show-toplevel [2ms]
2026-04-16 14:51:44.501 [info] fatal: not a git repository (or any parent up to mount point /)
Stopping at filesystem boundary (GIT_DISCOVERY_ACROSS_FILESYSTEM not set).
2026-04-16 14:52:57.013 [info] > git rev-parse --show-toplevel [2ms]
2026-04-16 14:52:57.013 [info] fatal: not a git repository (or any parent up to mount point /)
Stopping at filesystem boundary (GIT_DISCOVERY_ACROSS_FILESYSTEM not set).
2026-04-16 14:53:48.983 [info] > git rev-parse --show-toplevel [1ms]
2026-04-16 14:53:48.983 [info] fatal: not a git repository (or any parent up to mount point /)
Stopping at filesystem boundary (GIT_DISCOVERY_ACROSS_FILESYSTEM not set).
2026-04-16 14:55:10.590 [info] > git rev-parse --show-toplevel [2ms]
2026-04-16 14:55:10.590 [info] fatal: not a git repository (or any parent up to mount point /)
Stopping at filesystem boundary (GIT_DISCOVERY_ACROSS_FILESYSTEM not set).
2026-04-16 14:55:16.106 [info] > git rev-parse --show-toplevel [2ms]
2026-04-16 14:55:16.106 [info] fatal: not a git repository (or any parent up to mount point /)
Stopping at filesystem boundary (GIT_DISCOVERY_ACROSS_FILESYSTEM not set).
2026-04-16 14:56:44.523 [info] > git rev-parse --show-toplevel [4ms]
2026-04-16 14:56:44.523 [info] fatal: not a git repository (or any parent up to mount point /)
Stopping at filesystem boundary (GIT_DISCOVERY_ACROSS_FILESYSTEM not set).
2026-04-16 14:57:06.516 [info] > git rev-parse --show-toplevel [3ms]
2026-04-16 14:57:06.516 [info] fatal: not a git repository (or any parent up to mount point /)
Stopping at filesystem boundary (GIT_DISCOVERY_ACROSS_FILESYSTEM not set).
2026-04-16 14:57:13.964 [info] > git rev-parse --show-toplevel [3ms]
2026-04-16 14:57:13.964 [info] fatal: not a git repository (or any parent up to mount point /)
Stopping at filesystem boundary (GIT_DISCOVERY_ACROSS_FILESYSTEM not set).
2026-04-16 14:57:30.837 [info] > git rev-parse --show-toplevel [3ms]
2026-04-16 14:57:30.837 [info] fatal: not a git repository (or any parent up to mount point /)
Stopping at filesystem boundary (GIT_DISCOVERY_ACROSS_FILESYSTEM not set).
2026-04-16 15:00:43.202 [info] > git rev-parse --show-toplevel [3ms]
2026-04-16 15:00:43.202 [info] fatal: not a git repository (or any parent up to mount point /)
Stopping at filesystem boundary (GIT_DISCOVERY_ACROSS_FILESYSTEM not set).
2026-04-16 15:04:20.665 [info] > git rev-parse --show-toplevel [4ms]
2026-04-16 15:04:20.665 [info] fatal: not a git repository (or any parent up to mount point /)
Stopping at filesystem boundary (GIT_DISCOVERY_ACROSS_FILESYSTEM not set).
2026-04-16 15:04:21.111 [info] > git rev-parse --show-toplevel [4ms]
2026-04-16 15:04:21.111 [info] fatal: not a git repository (or any parent up to mount point /)
Stopping at filesystem boundary (GIT_DISCOVERY_ACROSS_FILESYSTEM not set).
2026-04-16 15:05:36.968 [info] > git rev-parse --show-toplevel [5ms]
2026-04-16 15:05:36.968 [info] fatal: not a git repository (or any parent up to mount point /)
Stopping at filesystem boundary (GIT_DISCOVERY_ACROSS_FILESYSTEM not set).
2026-04-16 15:06:18.637 [info] > git rev-parse --show-toplevel [5ms]
2026-04-16 15:06:18.638 [info] fatal: not a git repository (or any parent up to mount point /)
Stopping at filesystem boundary (GIT_DISCOVERY_ACROSS_FILESYSTEM not set).
2026-04-16 16:03:32.318 [info] > git rev-parse --show-toplevel [3ms]
2026-04-16 16:03:32.319 [info] fatal: not a git repository (or any parent up to mount point /)
Stopping at filesystem boundary (GIT_DISCOVERY_ACROSS_FILESYSTEM not set).
2026-04-16 16:03:44.855 [info] > git rev-parse --show-toplevel [3ms]
2026-04-16 16:03:44.855 [info] fatal: not a git repository (or any parent up to mount point /)
Stopping at filesystem boundary (GIT_DISCOVERY_ACROSS_FILESYSTEM not set).
2026-04-16 16:03:57.227 [info] > git rev-parse --show-toplevel [5ms]
2026-04-16 16:03:57.227 [info] fatal: not a git repository (or any parent up to mount point /)
Stopping at filesystem boundary (GIT_DISCOVERY_ACROSS_FILESYSTEM not set).
2026-04-16 16:04:47.349 [info] > git rev-parse --show-toplevel [4ms]
2026-04-16 16:04:47.349 [info] fatal: not a git repository (or any parent up to mount point /)
Stopping at filesystem boundary (GIT_DISCOVERY_ACROSS_FILESYSTEM not set).
2026-04-16 16:04:52.169 [info] > git rev-parse --show-toplevel [3ms]
2026-04-16 16:04:52.169 [info] fatal: not a git repository (or any parent up to mount point /)
Stopping at filesystem boundary (GIT_DISCOVERY_ACROSS_FILESYSTEM not set).
2026-04-16 16:05:10.364 [info] > git rev-parse --show-toplevel [3ms]
2026-04-16 16:05:10.364 [info] fatal: not a git repository (or any parent up to mount point /)
Stopping at filesystem boundary (GIT_DISCOVERY_ACROSS_FILESYSTEM not set).
2026-04-16 16:05:10.858 [info] > git rev-parse --show-toplevel [2ms]
2026-04-16 16:05:10.858 [info] fatal: not a git repository (or any parent up to mount point /)
Stopping at filesystem boundary (GIT_DISCOVERY_ACROSS_FILESYSTEM not set).
2026-04-16 16:05:11.487 [info] > git rev-parse --show-toplevel [3ms]
2026-04-16 16:05:11.487 [info] fatal: not a git repository (or any parent up to mount point /)
Stopping at filesystem boundary (GIT_DISCOVERY_ACROSS_FILESYSTEM not set).
2026-04-16 16:06:07.848 [info] > git rev-parse --show-toplevel [3ms]
2026-04-16 16:06:07.848 [info] fatal: not a git repository (or any parent up to mount point /)
Stopping at filesystem boundary (GIT_DISCOVERY_ACROSS_FILESYSTEM not set).
2026-04-16 16:06:39.330 [info] > git rev-parse --show-toplevel [5ms]
2026-04-16 16:06:39.331 [info] fatal: not a git repository (or any parent up to mount point /)
Stopping at filesystem boundary (GIT_DISCOVERY_ACROSS_FILESYSTEM not set).
2026-04-16 16:06:40.360 [info] > git rev-parse --show-toplevel [6ms]
2026-04-16 16:06:40.360 [info] fatal: not a git repository (or any parent up to mount point /)
Stopping at filesystem boundary (GIT_DISCOVERY_ACROSS_FILESYSTEM not set).
2026-04-16 16:07:19.947 [info] > git rev-parse --show-toplevel [3ms]
2026-04-16 16:07:19.947 [info] fatal: not a git repository (or any parent up to mount point /)
Stopping at filesystem boundary (GIT_DISCOVERY_ACROSS_FILESYSTEM not set).
2026-04-16 16:07:31.516 [info] > git rev-parse --show-toplevel [4ms]
2026-04-16 16:07:31.516 [info] fatal: not a git repository (or any parent up to mount point /)
Stopping at filesystem boundary (GIT_DISCOVERY_ACROSS_FILESYSTEM not set).
2026-04-16 16:08:37.914 [info] > git rev-parse --show-toplevel [3ms]
2026-04-16 16:08:37.914 [info] fatal: not a git repository (or any parent up to mount point /)
Stopping at filesystem boundary (GIT_DISCOVERY_ACROSS_FILESYSTEM not set).
