2026-04-16 18:15:57.464 [info] Extension host with pid 688611 started
2026-04-16 18:15:57.604 [info] ExtensionService#_doActivateExtension vscode.github-authentication, startup: false, activationEvent: 'onAuthenticationRequest:github'
2026-04-16 18:15:57.661 [info] ExtensionService#_doActivateExtension vscode.emmet, startup: false, activationEvent: 'onLanguage'
2026-04-16 18:15:57.804 [info] ExtensionService#_doActivateExtension vscode.git-base, startup: true, activationEvent: '*', root cause: vscode.git
2026-04-16 18:15:57.818 [info] ExtensionService#_doActivateExtension vscode.git, startup: true, activationEvent: '*'
2026-04-16 18:15:57.908 [info] ExtensionService#_doActivateExtension vscode.github, startup: true, activationEvent: '*'
2026-04-16 18:15:58.194 [info] Eager extensions activated
2026-04-16 18:15:58.399 [info] ExtensionService#_doActivateExtension vscode.debug-auto-launch, startup: false, activationEvent: 'onStartupFinished'
2026-04-16 18:15:58.403 [info] ExtensionService#_doActivateExtension vscode.merge-conflict, startup: false, activationEvent: 'onStartupFinished'
2026-04-16 18:15:58.435 [info] ExtensionService#_doActivateExtension Catppuccin.catppuccin-vsc, startup: false, activationEvent: 'onStartupFinished'
2026-04-16 18:15:58.444 [info] ExtensionService#_doActivateExtension Catppuccin.catppuccin-vsc-icons, startup: false, activationEvent: 'onStartupFinished'
2026-04-16 18:15:58.725 [info] ExtensionService#_doActivateExtension formulahendry.code-runner, startup: false, activationEvent: 'onStartupFinished'
2026-04-16 18:15:58.911 [info] ExtensionService#_doActivateExtension vscode.configuration-editing, startup: false, activationEvent: 'onLanguage:jsonc'
2026-04-16 18:15:58.925 [info] ExtensionService#_doActivateExtension vscode.json-language-features, startup: false, activationEvent: 'onLanguage:jsonc'
2026-04-16 18:15:59.077 [info] ExtensionService#_doActivateExtension vscode.typescript-language-features, startup: false, activationEvent: 'onLanguage:jsonc'
2026-04-16 18:16:00.150 [info] Extension host terminating: received terminate message from renderer
2026-04-16 18:16:00.236 [error] ProxyResolver#resolveProxy DIRECT Canceled: Canceled
	at new zI (file:///opt/visual-studio-code/resources/app/out/vs/workbench/api/node/extensionHostProcess.js:407:148505)
	at r._remoteCall (file:///opt/visual-studio-code/resources/app/out/vs/workbench/api/node/extensionHostProcess.js:407:154557)
	at i.<computed>.s.charCodeAt.i.<computed> (file:///opt/visual-studio-code/resources/app/out/vs/workbench/api/node/extensionHostProcess.js:407:151352)
	at ng.resolveProxy (file:///opt/visual-studio-code/resources/app/out/vs/workbench/api/node/extensionHostProcess.js:498:79598)
	at Object.resolveProxy (file:///opt/visual-studio-code/resources/app/out/vs/workbench/api/node/extensionHostProcess.js:631:26898)
	at useProxySettings (/opt/visual-studio-code/resources/app/node_modules/@vscode/proxy-agent/out/index.js:208:16)
	at /opt/visual-studio-code/resources/app/node_modules/@vscode/proxy-agent/out/index.js:145:13
	at /opt/visual-studio-code/resources/app/node_modules/@vscode/proxy-agent/out/index.js:995:13
	at process.processTicksAndRejections (node:internal/process/task_queues:103:5) 
2026-04-16 18:16:00.374 [info] Extension host with pid 688611 exiting with code 0
