2026-04-14 12:14:27.391 [info] [main] Log level: Info
2026-04-14 12:14:27.391 [info] [main] Validating found git in: "git"
2026-04-14 12:14:27.391 [info] [main] Using git "2.53.0" from "git"
2026-04-14 12:14:27.391 [info] [Model][doInitialScan] Initial repository scan started
2026-04-14 12:14:27.391 [info] [Model][doInitialScan] Initial repository scan completed - repositories (0), closed repositories (0), parent repositories (0), unsafe repositories (0)
2026-04-14 13:04:25.762 [info] [main] Log level: Info
2026-04-14 13:04:25.762 [info] [main] Validating found git in: "git"
2026-04-14 13:04:25.762 [info] [main] Using git "2.53.0" from "git"
2026-04-14 13:04:25.762 [info] [Model][doInitialScan] Initial repository scan started
2026-04-14 13:04:25.762 [info] > git rev-parse --show-toplevel [114ms]
2026-04-14 13:04:25.762 [info] fatal: not a git repository (or any parent up to mount point /)
Stopping at filesystem boundary (GIT_DISCOVERY_ACROSS_FILESYSTEM not set).
2026-04-14 13:04:25.770 [info] > git rev-parse --show-toplevel [35ms]
2026-04-14 13:04:25.770 [info] fatal: not a git repository (or any parent up to mount point /)
Stopping at filesystem boundary (GIT_DISCOVERY_ACROSS_FILESYSTEM not set).
2026-04-14 13:04:25.788 [info] [Model][doInitialScan] Initial repository scan completed - repositories (0), closed repositories (0), parent repositories (0), unsafe repositories (0)
2026-04-14 13:04:25.835 [info] > git rev-parse --show-toplevel [26ms]
2026-04-14 13:04:25.836 [info] fatal: not a git repository (or any parent up to mount point /)
Stopping at filesystem boundary (GIT_DISCOVERY_ACROSS_FILESYSTEM not set).
2026-04-14 13:04:27.554 [info] > git rev-parse --show-toplevel [71ms]
2026-04-14 13:04:27.554 [info] fatal: not a git repository (or any parent up to mount point /)
Stopping at filesystem boundary (GIT_DISCOVERY_ACROSS_FILESYSTEM not set).
2026-04-14 13:04:27.587 [info] > git rev-parse --show-toplevel [6ms]
2026-04-14 13:04:27.587 [info] fatal: not a git repository (or any parent up to mount point /)
Stopping at filesystem boundary (GIT_DISCOVERY_ACROSS_FILESYSTEM not set).
2026-04-14 13:04:31.139 [info] > git rev-parse --show-toplevel [7ms]
2026-04-14 13:04:31.139 [info] fatal: not a git repository (or any parent up to mount point /)
Stopping at filesystem boundary (GIT_DISCOVERY_ACROSS_FILESYSTEM not set).
2026-04-14 13:04:37.166 [info] > git rev-parse --show-toplevel [8ms]
2026-04-14 13:04:37.166 [info] fatal: not a git repository (or any parent up to mount point /)
Stopping at filesystem boundary (GIT_DISCOVERY_ACROSS_FILESYSTEM not set).
2026-04-14 13:08:57.978 [info] > git rev-parse --show-toplevel [3ms]
2026-04-14 13:08:57.978 [info] fatal: not a git repository (or any parent up to mount point /)
Stopping at filesystem boundary (GIT_DISCOVERY_ACROSS_FILESYSTEM not set).
