2026-04-20 10:49:23.726 [info] [main] Log level: Info
2026-04-20 10:49:23.726 [info] [main] Validating found git in: "git"
2026-04-20 10:49:23.726 [info] [main] Using git "2.53.0" from "git"
2026-04-20 10:49:23.726 [info] [Model][doInitialScan] Initial repository scan started
2026-04-20 10:49:23.726 [info] > git rev-parse --show-toplevel [4ms]
2026-04-20 10:49:23.726 [info] > git rev-parse --path-format=relative --show-toplevel [2ms]
2026-04-20 10:49:23.726 [info] > git rev-parse --show-toplevel [2ms]
2026-04-20 10:49:23.726 [info] > git rev-parse --path-format=relative --show-toplevel [2ms]
2026-04-20 10:49:23.726 [info] [Model][doInitialScan] Initial repository scan completed - repositories (0), closed repositories (0), parent repositories (1), unsafe repositories (0)
2026-04-20 10:49:24.249 [info] > git rev-parse --show-toplevel [20ms]
2026-04-20 10:49:24.262 [info] > git rev-parse --path-format=relative --show-toplevel [7ms]
2026-04-20 10:49:24.622 [info] > git rev-parse --show-toplevel [88ms]
2026-04-20 10:49:24.632 [info] > git rev-parse --path-format=relative --show-toplevel [5ms]
2026-04-20 10:49:29.333 [info] [main] Log level: Info
2026-04-20 10:49:29.333 [info] [main] Validating found git in: "git"
2026-04-20 10:49:29.333 [info] [main] Using git "2.53.0" from "git"
2026-04-20 10:49:29.333 [info] [Model][doInitialScan] Initial repository scan started
2026-04-20 10:49:29.333 [info] [Model][doInitialScan] Initial repository scan completed - repositories (0), closed repositories (0), parent repositories (0), unsafe repositories (0)
2026-04-20 10:49:39.208 [info] > git rev-parse --show-toplevel [4ms]
2026-04-20 10:49:39.217 [info] > git rev-parse --path-format=relative --show-toplevel [1ms]
2026-04-20 10:49:40.692 [info] [main] Log level: Info
2026-04-20 10:49:40.693 [info] [main] Validating found git in: "git"
2026-04-20 10:49:40.693 [info] [main] Using git "2.53.0" from "git"
2026-04-20 10:49:40.693 [info] [Model][doInitialScan] Initial repository scan started
2026-04-20 10:49:40.693 [info] > git rev-parse --show-toplevel [4ms]
2026-04-20 10:49:40.693 [info] > git rev-parse --path-format=relative --show-toplevel [2ms]
2026-04-20 10:49:40.693 [info] [Model][doInitialScan] Initial repository scan completed - repositories (0), closed repositories (0), parent repositories (1), unsafe repositories (0)
2026-04-20 10:49:42.134 [info] > git rev-parse --show-toplevel [2ms]
2026-04-20 10:49:42.144 [info] > git rev-parse --path-format=relative --show-toplevel [5ms]
2026-04-20 10:49:46.936 [info] > git rev-parse --show-toplevel [2ms]
2026-04-20 10:49:46.943 [info] > git rev-parse --path-format=relative --show-toplevel [1ms]
2026-04-20 10:50:14.237 [info] > git rev-parse --show-toplevel [2ms]
2026-04-20 10:50:14.245 [info] > git rev-parse --path-format=relative --show-toplevel [3ms]
2026-04-20 10:55:42.363 [info] > git rev-parse --show-toplevel [1ms]
2026-04-20 10:55:42.371 [info] > git rev-parse --path-format=relative --show-toplevel [2ms]
2026-04-20 10:56:45.854 [info] > git rev-parse --show-toplevel [2ms]
2026-04-20 10:56:45.860 [info] > git rev-parse --path-format=relative --show-toplevel [2ms]
2026-04-20 10:57:28.217 [info] > git rev-parse --show-toplevel [2ms]
2026-04-20 10:57:28.225 [info] > git rev-parse --path-format=relative --show-toplevel [2ms]
