2026-04-14 12:12:34.863 [info] Extension host with pid 35245 started
2026-04-14 12:12:34.863 [info] Skipping acquiring lock for /home/mate/.config/Code/User/workspaceStorage/1e71d15a390a94d3461ce8d882898b60.
2026-04-14 12:12:35.069 [info] ExtensionService#_doActivateExtension vscode.github-authentication, startup: false, activationEvent: 'onAuthenticationRequest:github'
2026-04-14 12:12:35.152 [info] ExtensionService#_doActivateExtension vscode.emmet, startup: false, activationEvent: 'onLanguage'
2026-04-14 12:12:35.743 [info] ExtensionService#_doActivateExtension vscode.git-base, startup: true, activationEvent: '*', root cause: vscode.git
2026-04-14 12:12:35.798 [info] ExtensionService#_doActivateExtension vscode.git, startup: true, activationEvent: '*'
2026-04-14 12:12:35.939 [info] ExtensionService#_doActivateExtension vscode.github, startup: true, activationEvent: '*'
2026-04-14 12:12:36.375 [info] Eager extensions activated
2026-04-14 12:12:36.381 [info] ExtensionService#_doActivateExtension vscode.debug-auto-launch, startup: false, activationEvent: 'onStartupFinished'
2026-04-14 12:12:36.387 [info] ExtensionService#_doActivateExtension vscode.merge-conflict, startup: false, activationEvent: 'onStartupFinished'
2026-04-14 12:12:36.438 [info] ExtensionService#_doActivateExtension Catppuccin.catppuccin-vsc, startup: false, activationEvent: 'onStartupFinished'
2026-04-14 12:12:36.454 [info] ExtensionService#_doActivateExtension Catppuccin.catppuccin-vsc-icons, startup: false, activationEvent: 'onStartupFinished'
2026-04-14 12:12:36.763 [info] ExtensionService#_doActivateExtension formulahendry.code-runner, startup: false, activationEvent: 'onStartupFinished'
2026-04-14 12:12:36.930 [info] ExtensionService#_doActivateExtension vscode.configuration-editing, startup: false, activationEvent: 'onLanguage:jsonc'
2026-04-14 12:12:36.945 [info] ExtensionService#_doActivateExtension vscode.json-language-features, startup: false, activationEvent: 'onLanguage:jsonc'
2026-04-14 12:12:37.146 [info] ExtensionService#_doActivateExtension vscode.typescript-language-features, startup: false, activationEvent: 'onLanguage:jsonc'
2026-04-14 12:12:38.121 [info] Extension host terminating: received terminate message from renderer
2026-04-14 12:12:38.181 [error] ProxyResolver#resolveProxy DIRECT Canceled: Canceled
	at new zI (file:///opt/visual-studio-code/resources/app/out/vs/workbench/api/node/extensionHostProcess.js:407:148505)
	at r._remoteCall (file:///opt/visual-studio-code/resources/app/out/vs/workbench/api/node/extensionHostProcess.js:407:154557)
	at i.<computed>.s.charCodeAt.i.<computed> (file:///opt/visual-studio-code/resources/app/out/vs/workbench/api/node/extensionHostProcess.js:407:151352)
	at ng.resolveProxy (file:///opt/visual-studio-code/resources/app/out/vs/workbench/api/node/extensionHostProcess.js:498:79598)
	at Object.resolveProxy (file:///opt/visual-studio-code/resources/app/out/vs/workbench/api/node/extensionHostProcess.js:631:26898)
	at useProxySettings (/opt/visual-studio-code/resources/app/node_modules/@vscode/proxy-agent/out/index.js:208:16)
	at /opt/visual-studio-code/resources/app/node_modules/@vscode/proxy-agent/out/index.js:145:13
	at /opt/visual-studio-code/resources/app/node_modules/@vscode/proxy-agent/out/index.js:995:13 
2026-04-14 12:12:38.262 [info] Extension host with pid 35245 exiting with code 0
