2026-04-20 09:36:23.190 [info] [main] Log level: Info
2026-04-20 09:36:23.190 [info] [main] Validating found git in: "git"
2026-04-20 09:36:23.190 [info] [main] Using git "2.53.0" from "git"
2026-04-20 09:36:23.190 [info] [Model][doInitialScan] Initial repository scan started
2026-04-20 09:36:23.190 [info] > git rev-parse --show-toplevel [65ms]
2026-04-20 09:36:23.190 [info] > git rev-parse --path-format=relative --show-toplevel [17ms]
2026-04-20 09:36:23.193 [info] > git rev-parse --show-toplevel [8ms]
2026-04-20 09:36:23.206 [info] > git rev-parse --path-format=relative --show-toplevel [4ms]
2026-04-20 09:36:23.220 [info] > git rev-parse --show-toplevel [3ms]
2026-04-20 09:36:23.234 [info] > git rev-parse --path-format=relative --show-toplevel [3ms]
2026-04-20 09:36:23.696 [info] [Model][doInitialScan] Initial repository scan completed - repositories (0), closed repositories (0), parent repositories (1), unsafe repositories (0)
2026-04-20 09:36:23.822 [info] > git rev-parse --show-toplevel [9ms]
2026-04-20 09:36:23.836 [info] > git rev-parse --path-format=relative --show-toplevel [5ms]
2026-04-20 09:36:24.787 [info] > git rev-parse --show-toplevel [429ms]
2026-04-20 09:36:24.840 [info] > git rev-parse --path-format=relative --show-toplevel [40ms]
2026-04-20 09:36:25.212 [info] > git rev-parse --show-toplevel [39ms]
2026-04-20 09:36:25.226 [info] > git rev-parse --path-format=relative --show-toplevel [3ms]
2026-04-20 09:36:25.342 [info] > git rev-parse --show-toplevel [3ms]
2026-04-20 09:36:25.357 [info] > git rev-parse --path-format=relative --show-toplevel [3ms]
2026-04-20 09:36:25.843 [info] > git rev-parse --show-toplevel [29ms]
2026-04-20 09:36:25.858 [info] > git rev-parse --path-format=relative --show-toplevel [4ms]
2026-04-20 09:36:33.636 [info] > git rev-parse --show-toplevel [4ms]
2026-04-20 09:36:33.652 [info] > git rev-parse --path-format=relative --show-toplevel [3ms]
2026-04-20 09:37:23.463 [info] > git rev-parse --show-toplevel [3ms]
2026-04-20 09:37:23.476 [info] > git rev-parse --path-format=relative --show-toplevel [3ms]
2026-04-20 09:38:19.883 [info] > git rev-parse --show-toplevel [3ms]
2026-04-20 09:38:19.894 [info] > git rev-parse --path-format=relative --show-toplevel [3ms]
2026-04-20 09:38:20.316 [info] > git rev-parse --show-toplevel [2ms]
2026-04-20 09:38:20.326 [info] > git rev-parse --path-format=relative --show-toplevel [3ms]
2026-04-20 09:38:21.102 [info] > git rev-parse --show-toplevel [3ms]
2026-04-20 09:38:21.116 [info] > git rev-parse --path-format=relative --show-toplevel [4ms]
2026-04-20 09:38:22.168 [info] > git rev-parse --show-toplevel [3ms]
2026-04-20 09:38:22.180 [info] > git rev-parse --path-format=relative --show-toplevel [3ms]
2026-04-20 09:38:22.410 [info] > git rev-parse --show-toplevel [5ms]
2026-04-20 09:38:22.422 [info] > git rev-parse --path-format=relative --show-toplevel [3ms]
2026-04-20 09:38:23.113 [info] > git rev-parse --show-toplevel [4ms]
2026-04-20 09:38:23.126 [info] > git rev-parse --path-format=relative --show-toplevel [3ms]
2026-04-20 09:38:23.402 [info] > git rev-parse --show-toplevel [3ms]
2026-04-20 09:38:23.413 [info] > git rev-parse --path-format=relative --show-toplevel [2ms]
2026-04-20 09:38:24.044 [info] > git rev-parse --show-toplevel [3ms]
2026-04-20 09:38:24.054 [info] > git rev-parse --path-format=relative --show-toplevel [3ms]
2026-04-20 09:38:24.283 [info] > git rev-parse --show-toplevel [2ms]
2026-04-20 09:38:24.295 [info] > git rev-parse --path-format=relative --show-toplevel [3ms]
2026-04-20 09:38:24.833 [info] > git rev-parse --show-toplevel [2ms]
2026-04-20 09:38:24.843 [info] > git rev-parse --path-format=relative --show-toplevel [3ms]
2026-04-20 09:38:25.036 [info] > git rev-parse --show-toplevel [2ms]
2026-04-20 09:38:25.048 [info] > git rev-parse --path-format=relative --show-toplevel [3ms]
2026-04-20 09:38:25.554 [info] > git rev-parse --show-toplevel [2ms]
2026-04-20 09:38:25.566 [info] > git rev-parse --path-format=relative --show-toplevel [2ms]
2026-04-20 09:38:25.758 [info] > git rev-parse --show-toplevel [5ms]
2026-04-20 09:38:25.769 [info] > git rev-parse --path-format=relative --show-toplevel [3ms]
2026-04-20 09:38:26.483 [info] > git rev-parse --show-toplevel [2ms]
2026-04-20 09:38:26.493 [info] > git rev-parse --path-format=relative --show-toplevel [3ms]
2026-04-20 09:38:26.760 [info] > git rev-parse --show-toplevel [3ms]
2026-04-20 09:38:26.771 [info] > git rev-parse --path-format=relative --show-toplevel [3ms]
2026-04-20 09:38:27.429 [info] > git rev-parse --show-toplevel [3ms]
2026-04-20 09:38:27.440 [info] > git rev-parse --path-format=relative --show-toplevel [3ms]
2026-04-20 09:38:27.794 [info] > git rev-parse --show-toplevel [3ms]
2026-04-20 09:38:27.804 [info] > git rev-parse --path-format=relative --show-toplevel [2ms]
2026-04-20 09:39:16.189 [info] > git rev-parse --show-toplevel [2ms]
2026-04-20 09:39:16.199 [info] > git rev-parse --path-format=relative --show-toplevel [2ms]
2026-04-20 09:40:47.048 [info] > git rev-parse --show-toplevel [3ms]
2026-04-20 09:40:47.058 [info] > git rev-parse --path-format=relative --show-toplevel [2ms]
2026-04-20 09:40:49.559 [info] > git rev-parse --show-toplevel [3ms]
2026-04-20 09:40:49.569 [info] > git rev-parse --path-format=relative --show-toplevel [2ms]
2026-04-20 09:40:50.092 [info] > git rev-parse --show-toplevel [5ms]
2026-04-20 09:40:50.102 [info] > git rev-parse --path-format=relative --show-toplevel [2ms]
2026-04-20 09:56:43.776 [info] > git rev-parse --show-toplevel [14ms]
2026-04-20 09:56:43.790 [info] > git rev-parse --path-format=relative --show-toplevel [3ms]
2026-04-20 09:56:45.413 [info] > git rev-parse --show-toplevel [4ms]
2026-04-20 09:56:45.424 [info] > git rev-parse --path-format=relative --show-toplevel [3ms]
