2026-04-14 10:59:25.911 [info] [main] Log level: Info
2026-04-14 10:59:25.911 [info] [main] Validating found git in: "git"
2026-04-14 10:59:25.911 [info] [main] Using git "2.53.0" from "git"
2026-04-14 10:59:25.911 [info] [Model][doInitialScan] Initial repository scan started
2026-04-14 10:59:25.911 [info] > git rev-parse --show-toplevel [10ms]
2026-04-14 10:59:25.911 [info] fatal: not a git repository (or any parent up to mount point /)
Stopping at filesystem boundary (GIT_DISCOVERY_ACROSS_FILESYSTEM not set).
2026-04-14 10:59:25.911 [info] > git rev-parse --show-toplevel [4ms]
2026-04-14 10:59:25.911 [info] fatal: not a git repository (or any parent up to mount point /)
Stopping at filesystem boundary (GIT_DISCOVERY_ACROSS_FILESYSTEM not set).
2026-04-14 10:59:25.911 [info] > git rev-parse --show-toplevel [5ms]
2026-04-14 10:59:25.911 [info] fatal: not a git repository (or any parent up to mount point /)
Stopping at filesystem boundary (GIT_DISCOVERY_ACROSS_FILESYSTEM not set).
2026-04-14 10:59:25.911 [info] > git rev-parse --show-toplevel [6ms]
2026-04-14 10:59:25.911 [info] fatal: not a git repository (or any parent up to mount point /)
Stopping at filesystem boundary (GIT_DISCOVERY_ACROSS_FILESYSTEM not set).
2026-04-14 10:59:25.911 [info] > git rev-parse --show-toplevel [3ms]
2026-04-14 10:59:25.911 [info] fatal: not a git repository (or any parent up to mount point /)
Stopping at filesystem boundary (GIT_DISCOVERY_ACROSS_FILESYSTEM not set).
2026-04-14 10:59:25.911 [info] > git rev-parse --show-toplevel [2ms]
2026-04-14 10:59:25.911 [info] fatal: not a git repository (or any parent up to mount point /)
Stopping at filesystem boundary (GIT_DISCOVERY_ACROSS_FILESYSTEM not set).
2026-04-14 10:59:25.911 [info] > git rev-parse --show-toplevel [3ms]
2026-04-14 10:59:25.911 [info] fatal: not a git repository (or any parent up to mount point /)
Stopping at filesystem boundary (GIT_DISCOVERY_ACROSS_FILESYSTEM not set).
2026-04-14 10:59:25.911 [info] > git rev-parse --show-toplevel [3ms]
2026-04-14 10:59:25.911 [info] fatal: not a git repository (or any parent up to mount point /)
Stopping at filesystem boundary (GIT_DISCOVERY_ACROSS_FILESYSTEM not set).
2026-04-14 10:59:25.911 [info] > git rev-parse --show-toplevel [2ms]
2026-04-14 10:59:25.911 [info] fatal: not a git repository (or any parent up to mount point /)
Stopping at filesystem boundary (GIT_DISCOVERY_ACROSS_FILESYSTEM not set).
2026-04-14 10:59:25.911 [info] > git rev-parse --show-toplevel [2ms]
2026-04-14 10:59:25.911 [info] fatal: not a git repository (or any parent up to mount point /)
Stopping at filesystem boundary (GIT_DISCOVERY_ACROSS_FILESYSTEM not set).
2026-04-14 10:59:25.911 [info] > git rev-parse --show-toplevel [3ms]
2026-04-14 10:59:25.911 [info] fatal: not a git repository (or any parent up to mount point /)
Stopping at filesystem boundary (GIT_DISCOVERY_ACROSS_FILESYSTEM not set).
2026-04-14 10:59:25.911 [info] > git rev-parse --show-toplevel [2ms]
2026-04-14 10:59:25.911 [info] fatal: not a git repository (or any parent up to mount point /)
Stopping at filesystem boundary (GIT_DISCOVERY_ACROSS_FILESYSTEM not set).
2026-04-14 10:59:25.911 [info] > git rev-parse --show-toplevel [2ms]
2026-04-14 10:59:25.911 [info] fatal: not a git repository (or any parent up to mount point /)
Stopping at filesystem boundary (GIT_DISCOVERY_ACROSS_FILESYSTEM not set).
2026-04-14 10:59:25.911 [info] > git rev-parse --show-toplevel [3ms]
2026-04-14 10:59:25.911 [info] fatal: not a git repository (or any parent up to mount point /)
Stopping at filesystem boundary (GIT_DISCOVERY_ACROSS_FILESYSTEM not set).
2026-04-14 10:59:25.911 [info] > git rev-parse --show-toplevel [2ms]
2026-04-14 10:59:25.911 [info] fatal: not a git repository (or any parent up to mount point /)
Stopping at filesystem boundary (GIT_DISCOVERY_ACROSS_FILESYSTEM not set).
2026-04-14 10:59:25.911 [info] > git rev-parse --show-toplevel [3ms]
2026-04-14 10:59:25.911 [info] fatal: not a git repository (or any parent up to mount point /)
Stopping at filesystem boundary (GIT_DISCOVERY_ACROSS_FILESYSTEM not set).
2026-04-14 10:59:25.911 [info] > git rev-parse --show-toplevel [2ms]
2026-04-14 10:59:25.911 [info] fatal: not a git repository (or any parent up to mount point /)
Stopping at filesystem boundary (GIT_DISCOVERY_ACROSS_FILESYSTEM not set).
2026-04-14 10:59:25.911 [info] [Model][doInitialScan] Initial repository scan completed - repositories (0), closed repositories (0), parent repositories (0), unsafe repositories (0)
2026-04-14 10:59:26.297 [info] > git rev-parse --show-toplevel [15ms]
2026-04-14 10:59:26.298 [info] fatal: not a git repository (or any parent up to mount point /)
Stopping at filesystem boundary (GIT_DISCOVERY_ACROSS_FILESYSTEM not set).
2026-04-14 10:59:26.831 [info] > git rev-parse --show-toplevel [92ms]
2026-04-14 10:59:26.831 [info] fatal: not a git repository (or any parent up to mount point /)
Stopping at filesystem boundary (GIT_DISCOVERY_ACROSS_FILESYSTEM not set).
2026-04-14 10:59:27.388 [info] > git rev-parse --show-toplevel [6ms]
2026-04-14 10:59:27.389 [info] fatal: not a git repository (or any parent up to mount point /)
Stopping at filesystem boundary (GIT_DISCOVERY_ACROSS_FILESYSTEM not set).
2026-04-14 10:59:27.675 [info] > git rev-parse --show-toplevel [33ms]
2026-04-14 10:59:27.675 [info] fatal: not a git repository (or any parent up to mount point /)
Stopping at filesystem boundary (GIT_DISCOVERY_ACROSS_FILESYSTEM not set).
2026-04-14 11:07:56.441 [info] [main] Log level: Info
2026-04-14 11:07:56.441 [info] [main] Validating found git in: "git"
2026-04-14 11:07:56.441 [info] [main] Using git "2.53.0" from "git"
2026-04-14 11:07:56.441 [info] [Model][doInitialScan] Initial repository scan started
2026-04-14 11:07:56.441 [info] > git rev-parse --show-toplevel [14ms]
2026-04-14 11:07:56.441 [info] fatal: not a git repository (or any parent up to mount point /)
Stopping at filesystem boundary (GIT_DISCOVERY_ACROSS_FILESYSTEM not set).
2026-04-14 11:07:56.444 [info] > git rev-parse --show-toplevel [11ms]
2026-04-14 11:07:56.444 [info] fatal: not a git repository (or any parent up to mount point /)
Stopping at filesystem boundary (GIT_DISCOVERY_ACROSS_FILESYSTEM not set).
2026-04-14 11:07:56.450 [info] [Model][doInitialScan] Initial repository scan completed - repositories (0), closed repositories (0), parent repositories (0), unsafe repositories (0)
2026-04-14 11:07:57.006 [info] > git rev-parse --show-toplevel [27ms]
2026-04-14 11:07:57.006 [info] fatal: not a git repository (or any parent up to mount point /)
Stopping at filesystem boundary (GIT_DISCOVERY_ACROSS_FILESYSTEM not set).
2026-04-14 11:14:21.951 [info] > git rev-parse --show-toplevel [6ms]
2026-04-14 11:14:21.952 [info] fatal: not a git repository (or any parent up to mount point /)
Stopping at filesystem boundary (GIT_DISCOVERY_ACROSS_FILESYSTEM not set).
2026-04-14 11:15:33.121 [info] > git rev-parse --show-toplevel [2ms]
2026-04-14 11:15:33.121 [info] fatal: not a git repository (or any parent up to mount point /)
Stopping at filesystem boundary (GIT_DISCOVERY_ACROSS_FILESYSTEM not set).
2026-04-14 11:15:33.680 [info] > git rev-parse --show-toplevel [2ms]
2026-04-14 11:15:33.680 [info] fatal: not a git repository (or any parent up to mount point /)
Stopping at filesystem boundary (GIT_DISCOVERY_ACROSS_FILESYSTEM not set).
2026-04-14 11:16:13.329 [info] > git rev-parse --show-toplevel [3ms]
2026-04-14 11:16:13.329 [info] fatal: not a git repository (or any parent up to mount point /)
Stopping at filesystem boundary (GIT_DISCOVERY_ACROSS_FILESYSTEM not set).
2026-04-14 11:17:27.288 [info] > git rev-parse --show-toplevel [3ms]
2026-04-14 11:17:27.288 [info] fatal: not a git repository (or any parent up to mount point /)
Stopping at filesystem boundary (GIT_DISCOVERY_ACROSS_FILESYSTEM not set).
2026-04-14 11:17:31.240 [info] > git rev-parse --show-toplevel [3ms]
2026-04-14 11:17:31.240 [info] fatal: not a git repository (or any parent up to mount point /)
Stopping at filesystem boundary (GIT_DISCOVERY_ACROSS_FILESYSTEM not set).
2026-04-14 11:22:06.214 [info] > git rev-parse --show-toplevel [3ms]
2026-04-14 11:22:06.214 [info] fatal: not a git repository (or any parent up to mount point /)
Stopping at filesystem boundary (GIT_DISCOVERY_ACROSS_FILESYSTEM not set).
2026-04-14 11:28:37.040 [info] > git rev-parse --show-toplevel [3ms]
2026-04-14 11:28:37.040 [info] fatal: not a git repository (or any parent up to mount point /)
Stopping at filesystem boundary (GIT_DISCOVERY_ACROSS_FILESYSTEM not set).
2026-04-14 11:28:42.062 [info] > git rev-parse --show-toplevel [3ms]
2026-04-14 11:28:42.062 [info] fatal: not a git repository (or any parent up to mount point /)
Stopping at filesystem boundary (GIT_DISCOVERY_ACROSS_FILESYSTEM not set).
2026-04-14 12:03:16.446 [info] > git rev-parse --show-toplevel [2ms]
2026-04-14 12:03:16.446 [info] fatal: not a git repository (or any parent up to mount point /)
Stopping at filesystem boundary (GIT_DISCOVERY_ACROSS_FILESYSTEM not set).
2026-04-14 12:07:00.074 [info] > git rev-parse --show-toplevel [2ms]
2026-04-14 12:07:00.074 [info] fatal: not a git repository (or any parent up to mount point /)
Stopping at filesystem boundary (GIT_DISCOVERY_ACROSS_FILESYSTEM not set).
