2026-04-14 13:09:33.584 [info] Extension host with pid 38358 started
2026-04-14 13:09:33.736 [info] ExtensionService#_doActivateExtension vscode.github-authentication, startup: false, activationEvent: 'onAuthenticationRequest:github'
2026-04-14 13:09:33.835 [info] ExtensionService#_doActivateExtension vscode.emmet, startup: false, activationEvent: 'onLanguage'
2026-04-14 13:09:34.009 [info] ExtensionService#_doActivateExtension vscode.git-base, startup: true, activationEvent: '*', root cause: vscode.git
2026-04-14 13:09:34.059 [info] ExtensionService#_doActivateExtension vscode.git, startup: true, activationEvent: '*'
2026-04-14 13:09:34.176 [info] ExtensionService#_doActivateExtension vscode.github, startup: true, activationEvent: '*'
2026-04-14 13:09:34.479 [info] Eager extensions activated
2026-04-14 13:09:34.550 [info] ExtensionService#_doActivateExtension vscode.debug-auto-launch, startup: false, activationEvent: 'onStartupFinished'
2026-04-14 13:09:34.556 [info] ExtensionService#_doActivateExtension vscode.merge-conflict, startup: false, activationEvent: 'onStartupFinished'
2026-04-14 13:09:34.598 [info] ExtensionService#_doActivateExtension Catppuccin.catppuccin-vsc, startup: false, activationEvent: 'onStartupFinished'
2026-04-14 13:09:34.610 [info] ExtensionService#_doActivateExtension Catppuccin.catppuccin-vsc-icons, startup: false, activationEvent: 'onStartupFinished'
2026-04-14 13:09:34.942 [info] ExtensionService#_doActivateExtension formulahendry.code-runner, startup: false, activationEvent: 'onStartupFinished'
2026-04-14 13:09:35.181 [info] ExtensionService#_doActivateExtension vscode.configuration-editing, startup: false, activationEvent: 'onLanguage:jsonc'
2026-04-14 13:09:35.198 [info] ExtensionService#_doActivateExtension vscode.json-language-features, startup: false, activationEvent: 'onLanguage:jsonc'
2026-04-14 13:09:35.353 [info] ExtensionService#_doActivateExtension vscode.typescript-language-features, startup: false, activationEvent: 'onLanguage:jsonc'
2026-04-14 13:12:29.006 [info] Extension host terminating: received terminate message from renderer
2026-04-14 13:12:29.061 [info] Extension host with pid 38358 exiting with code 0
2026-04-14 13:12:31.347 [info] Extension host with pid 38979 started
2026-04-14 13:12:31.347 [info] Skipping acquiring lock for /home/mate/.config/Code/User/workspaceStorage/ca04e80061bbfb29d7ce760652e2a88e.
2026-04-14 13:12:31.418 [info] ExtensionService#_doActivateExtension vscode.github-authentication, startup: false, activationEvent: 'onAuthenticationRequest:github'
2026-04-14 13:12:31.475 [info] ExtensionService#_doActivateExtension vscode.emmet, startup: false, activationEvent: 'onLanguage'
2026-04-14 13:12:31.606 [info] ExtensionService#_doActivateExtension vscode.git-base, startup: true, activationEvent: '*', root cause: vscode.git
2026-04-14 13:12:31.662 [info] ExtensionService#_doActivateExtension vscode.git, startup: true, activationEvent: '*'
2026-04-14 13:12:31.786 [info] ExtensionService#_doActivateExtension vscode.github, startup: true, activationEvent: '*'
2026-04-14 13:12:32.107 [info] Eager extensions activated
2026-04-14 13:12:32.112 [info] ExtensionService#_doActivateExtension vscode.debug-auto-launch, startup: false, activationEvent: 'onStartupFinished'
2026-04-14 13:12:32.115 [info] ExtensionService#_doActivateExtension vscode.merge-conflict, startup: false, activationEvent: 'onStartupFinished'
2026-04-14 13:12:32.144 [info] ExtensionService#_doActivateExtension Catppuccin.catppuccin-vsc, startup: false, activationEvent: 'onStartupFinished'
2026-04-14 13:12:32.153 [info] ExtensionService#_doActivateExtension Catppuccin.catppuccin-vsc-icons, startup: false, activationEvent: 'onStartupFinished'
2026-04-14 13:12:32.329 [info] ExtensionService#_doActivateExtension formulahendry.code-runner, startup: false, activationEvent: 'onStartupFinished'
2026-04-14 13:12:32.397 [info] ExtensionService#_doActivateExtension vscode.configuration-editing, startup: false, activationEvent: 'onLanguage:jsonc'
2026-04-14 13:12:32.409 [info] ExtensionService#_doActivateExtension vscode.json-language-features, startup: false, activationEvent: 'onLanguage:jsonc'
2026-04-14 13:12:32.531 [info] ExtensionService#_doActivateExtension vscode.typescript-language-features, startup: false, activationEvent: 'onLanguage:jsonc'
2026-04-14 13:12:33.195 [info] ExtensionService#_doActivateExtension vscode.css-language-features, startup: false, activationEvent: 'onLanguage:css'
2026-04-14 13:12:57.981 [info] Extension host terminating: received terminate message from renderer
2026-04-14 13:12:58.039 [info] Extension host with pid 38979 exiting with code 0
