2026-04-20 11:14:08.092 [info] [main] Log level: Info
2026-04-20 11:14:08.092 [info] [main] Validating found git in: "git"
2026-04-20 11:14:08.092 [info] [main] Using git "2.53.0" from "git"
2026-04-20 11:14:08.092 [info] [Model][doInitialScan] Initial repository scan started
2026-04-20 11:14:08.092 [info] > git rev-parse --show-toplevel [16ms]
2026-04-20 11:14:08.092 [info] > git rev-parse --path-format=relative --show-toplevel [4ms]
2026-04-20 11:14:08.092 [info] > git rev-parse --show-toplevel [2ms]
2026-04-20 11:14:08.092 [info] > git rev-parse --path-format=relative --show-toplevel [1ms]
2026-04-20 11:14:08.092 [info] [Model][doInitialScan] Initial repository scan completed - repositories (0), closed repositories (0), parent repositories (1), unsafe repositories (0)
2026-04-20 11:14:08.092 [info] > git rev-parse --show-toplevel [2ms]
2026-04-20 11:14:08.092 [info] > git rev-parse --path-format=relative --show-toplevel [2ms]
2026-04-20 11:14:08.787 [info] > git rev-parse --show-toplevel [62ms]
2026-04-20 11:14:08.815 [info] > git rev-parse --path-format=relative --show-toplevel [21ms]
2026-04-20 11:14:08.832 [info] > git rev-parse --show-toplevel [5ms]
2026-04-20 11:14:08.955 [info] > git rev-parse --path-format=relative --show-toplevel [118ms]
2026-04-20 11:15:38.116 [info] > git rev-parse --show-toplevel [3ms]
2026-04-20 11:15:38.125 [info] > git rev-parse --path-format=relative --show-toplevel [5ms]
2026-04-20 11:16:24.229 [info] > git rev-parse --show-toplevel [1ms]
2026-04-20 11:16:24.233 [info] > git rev-parse --path-format=relative --show-toplevel [1ms]
2026-04-20 11:18:18.345 [info] > git rev-parse --show-toplevel [1ms]
2026-04-20 11:18:18.350 [info] > git rev-parse --path-format=relative --show-toplevel [2ms]
2026-04-20 11:18:54.401 [info] > git rev-parse --show-toplevel [3ms]
2026-04-20 11:18:54.410 [info] > git rev-parse --path-format=relative --show-toplevel [1ms]
2026-04-20 11:19:27.905 [info] > git rev-parse --show-toplevel [1ms]
2026-04-20 11:19:27.911 [info] > git rev-parse --path-format=relative --show-toplevel [2ms]
